Determining if the pthread_create exist failed with the following output:
Change Dir: /home/shenyl/catkin_ws/src/onlineCalibration/Examples/ROS/ORB_VIO/build/CMakeFiles/CMakeTmp

Run Build Command:"/usr/bin/make" "cmTC_340da/fast"
/usr/bin/make -f CMakeFiles/cmTC_340da.dir/build.make CMakeFiles/cmTC_340da.dir/build
make[1]: Entering directory '/home/shenyl/catkin_ws/src/onlineCalibration/Examples/ROS/ORB_VIO/build/CMakeFiles/CMakeTmp'
Building C object CMakeFiles/cmTC_340da.dir/CheckSymbolExists.c.o
/usr/bin/cc     -o CMakeFiles/cmTC_340da.dir/CheckSymbolExists.c.o   -c /home/shenyl/catkin_ws/src/onlineCalibration/Examples/ROS/ORB_VIO/build/CMakeFiles/CMakeTmp/CheckSymbolExists.c
Linking C executable cmTC_340da
/usr/bin/cmake -E cmake_link_script CMakeFiles/cmTC_340da.dir/link.txt --verbose=1
/usr/bin/cc       CMakeFiles/cmTC_340da.dir/CheckSymbolExists.c.o  -o cmTC_340da -rdynamic 
CMakeFiles/cmTC_340da.dir/CheckSymbolExists.c.o: In function `main':
CheckSymbolExists.c:(.text+0x16): undefined reference to `pthread_create'
collect2: error: ld returned 1 exit status
CMakeFiles/cmTC_340da.dir/build.make:97: recipe for target 'cmTC_340da' failed
make[1]: *** [cmTC_340da] Error 1
make[1]: Leaving directory '/home/shenyl/catkin_ws/src/onlineCalibration/Examples/ROS/ORB_VIO/build/CMakeFiles/CMakeTmp'
Makefile:126: recipe for target 'cmTC_340da/fast' failed
make: *** [cmTC_340da/fast] Error 2

File /home/shenyl/catkin_ws/src/onlineCalibration/Examples/ROS/ORB_VIO/build/CMakeFiles/CMakeTmp/CheckSymbolExists.c:
/* */
#include <pthread.h>

int main(int argc, char** argv)
{
  (void)argv;
#ifndef pthread_create
  return ((int*)(&pthread_create))[argc];
#else
  (void)argc;
  return 0;
#endif
}

Determining if the function pthread_create exists in the pthreads failed with the following output:
Change Dir: /home/shenyl/catkin_ws/src/onlineCalibration/Examples/ROS/ORB_VIO/build/CMakeFiles/CMakeTmp

Run Build Command:"/usr/bin/make" "cmTC_7cdbf/fast"
/usr/bin/make -f CMakeFiles/cmTC_7cdbf.dir/build.make CMakeFiles/cmTC_7cdbf.dir/build
make[1]: Entering directory '/home/shenyl/catkin_ws/src/onlineCalibration/Examples/ROS/ORB_VIO/build/CMakeFiles/CMakeTmp'
Building C object CMakeFiles/cmTC_7cdbf.dir/CheckFunctionExists.c.o
/usr/bin/cc    -DCHECK_FUNCTION_EXISTS=pthread_create   -o CMakeFiles/cmTC_7cdbf.dir/CheckFunctionExists.c.o   -c /usr/share/cmake-3.5/Modules/CheckFunctionExists.c
Linking C executable cmTC_7cdbf
/usr/bin/cmake -E cmake_link_script CMakeFiles/cmTC_7cdbf.dir/link.txt --verbose=1
/usr/bin/cc   -DCHECK_FUNCTION_EXISTS=pthread_create    CMakeFiles/cmTC_7cdbf.dir/CheckFunctionExists.c.o  -o cmTC_7cdbf -rdynamic -lpthreads 
/usr/bin/ld: cannot find -lpthreads
collect2: error: ld returned 1 exit status
CMakeFiles/cmTC_7cdbf.dir/build.make:97: recipe for target 'cmTC_7cdbf' failed
make[1]: *** [cmTC_7cdbf] Error 1
make[1]: Leaving directory '/home/shenyl/catkin_ws/src/onlineCalibration/Examples/ROS/ORB_VIO/build/CMakeFiles/CMakeTmp'
Makefile:126: recipe for target 'cmTC_7cdbf/fast' failed
make: *** [cmTC_7cdbf/fast] Error 2


